
> @org/source@0.0.0 build:frontend
> npx nx build frontend


 NX   Running target build for project @org/frontend and 2 tasks it depends on:



> nx run @adminvault/shared-models:build  [local cache]


> nx run @adminvault/shared-services:build  [local cache]


> nx run @org/frontend:build

> next build

npm :  [33m[1mΓÜá[22m[39m 
Invalid next.config.js options 
detected: 
At line:1 char:1
+ npm run build:frontend 2>&1 | 
Out-File -Encoding utf8 
frontend-build- ...
+ ~~~~~~~~~~~~~~~~~~~~~~~~~~~
    + CategoryInfo          : N 
   otSpecified: ( [33m[1mΓÜá  
  [...ions detected: :String   
 ) [], RemoteException
    + FullyQualifiedErrorId : N 
   ativeCommandError
 
 [33m[1mΓÜá[22m[39m     
Unrecognized key(s) in object: 
'swcMinify'
 [33m[1mΓÜá[22m[39m See 
more info here: https://nextjs.o
rg/docs/messages/invalid-next-co
nfig
   [1m[38;2;173;127;168mΓû▓ Next.js 15.5.9[39m[22m

